<?xml version="1.0" encoding="UTF-8"?>
<!-- Generated by org.testng.reporters.JUnitReportReporter -->
<testsuite hostname="lin80034893" failures="0" tests="2" name="com.actitime.tests.LoginTest" time="0.000" errors="0" timestamp="2023-01-16T17:02:33 IST" skipped="2">
  <testcase classname="com.actitime.tests.LoginTest" name="loginPageTest" time="0.000">
    <skipped/>
  </testcase> <!-- loginPageTest -->
  <system-out/>
  <testcase classname="com.actitime.tests.LoginTest" name="loginPageErrorTest" time="0.000">
    <skipped/>
  </testcase> <!-- loginPageErrorTest -->
  <system-out/>
</testsuite> <!-- com.actitime.tests.LoginTest -->
